<?xml version="1.0" encoding="UTF-8"?>
<coverage generated="1777039484526" clover="3.2.0">
  <project timestamp="1777039484526" name="All files">
    <metrics statements="107" coveredstatements="91" conditionals="60" coveredconditionals="44" methods="40" coveredmethods="30" elements="207" coveredelements="165" complexity="0" loc="107" ncloc="107" packages="5" files="11" classes="11"/>
    <package name="components">
      <metrics statements="3" coveredstatements="3" conditionals="0" coveredconditionals="0" methods="1" coveredmethods="1"/>
      <file name="stat-card.tsx" path="C:\Users\lrase\OneDrive\Рабочий стол\picture-web\components\stat-card.tsx">
        <metrics statements="3" coveredstatements="3" conditionals="0" coveredconditionals="0" methods="1" coveredmethods="1"/>
        <line num="1" count="1" type="stmt"/>
        <line num="13" count="1" type="stmt"/>
        <line num="19" count="2" type="stmt"/>
      </file>
    </package>
    <package name="components.gallery">
      <metrics statements="47" coveredstatements="39" conditionals="42" coveredconditionals="33" methods="13" coveredmethods="9"/>
      <file name="gallery-card.tsx" path="C:\Users\lrase\OneDrive\Рабочий стол\picture-web\components\gallery\gallery-card.tsx">
        <metrics statements="10" coveredstatements="10" conditionals="13" coveredconditionals="10" methods="3" coveredmethods="3"/>
        <line num="1" count="2" type="stmt"/>
        <line num="22" count="2" type="cond" truecount="1" falsecount="0"/>
        <line num="23" count="12" type="stmt"/>
        <line num="25" count="12" type="stmt"/>
        <line num="26" count="1" type="cond" truecount="2" falsecount="2"/>
        <line num="27" count="1" type="stmt"/>
        <line num="28" count="1" type="stmt"/>
        <line num="32" count="12" type="stmt"/>
        <line num="49" count="1" type="stmt"/>
        <line num="133" count="2" type="stmt"/>
      </file>
      <file name="gallery-grid-view.tsx" path="C:\Users\lrase\OneDrive\Рабочий стол\picture-web\components\gallery\gallery-grid-view.tsx">
        <metrics statements="37" coveredstatements="29" conditionals="29" coveredconditionals="23" methods="10" coveredmethods="6"/>
        <line num="1" count="1" type="stmt"/>
        <line num="36" count="1" type="stmt"/>
        <line num="47" count="6" type="stmt"/>
        <line num="48" count="3" type="stmt"/>
        <line num="49" count="3" type="stmt"/>
        <line num="51" count="3" type="cond" truecount="2" falsecount="0"/>
        <line num="52" count="2" type="stmt"/>
        <line num="53" count="10" type="stmt"/>
        <line num="63" count="0" type="stmt"/>
        <line num="64" count="0" type="stmt"/>
        <line num="73" count="1" type="stmt"/>
        <line num="83" count="0" type="stmt"/>
        <line num="84" count="0" type="stmt"/>
        <line num="92" count="1" type="cond" truecount="1" falsecount="1"/>
        <line num="93" count="1" type="stmt"/>
        <line num="96" count="1" type="stmt"/>
        <line num="97" count="1" type="stmt"/>
        <line num="99" count="1" type="stmt"/>
        <line num="100" count="3" type="stmt"/>
        <line num="110" count="0" type="stmt"/>
        <line num="111" count="0" type="stmt"/>
        <line num="120" count="3" type="cond" truecount="2" falsecount="0"/>
        <line num="121" count="1" type="stmt"/>
        <line num="124" count="1" type="stmt"/>
        <line num="134" count="0" type="stmt"/>
        <line num="135" count="0" type="stmt"/>
        <line num="144" count="3" type="stmt"/>
        <line num="147" count="6" type="cond" truecount="2" falsecount="0"/>
        <line num="148" count="1" type="stmt"/>
        <line num="165" count="5" type="stmt"/>
        <line num="172" count="8" type="stmt"/>
        <line num="195" count="8" type="stmt"/>
        <line num="230" count="1" type="stmt"/>
        <line num="231" count="1" type="cond" truecount="1" falsecount="1"/>
        <line num="248" count="1" type="stmt"/>
        <line num="249" count="1" type="cond" truecount="1" falsecount="1"/>
        <line num="265" count="1" type="stmt"/>
      </file>
    </package>
    <package name="components.ui">
      <metrics statements="18" coveredstatements="16" conditionals="11" coveredconditionals="7" methods="13" coveredmethods="12"/>
      <file name="alert.tsx" path="C:\Users\lrase\OneDrive\Рабочий стол\picture-web\components\ui\alert.tsx">
        <metrics statements="4" coveredstatements="4" conditionals="0" coveredconditionals="0" methods="3" coveredmethods="3"/>
        <line num="6" count="1" type="stmt"/>
        <line num="27" count="1" type="stmt"/>
        <line num="38" count="1" type="stmt"/>
        <line num="54" count="1" type="stmt"/>
      </file>
      <file name="badge.tsx" path="C:\Users\lrase\OneDrive\Рабочий стол\picture-web\components\ui\badge.tsx">
        <metrics statements="3" coveredstatements="3" conditionals="3" coveredconditionals="2" methods="1" coveredmethods="1"/>
        <line num="7" count="2" type="stmt"/>
        <line num="35" count="12" type="cond" truecount="1" falsecount="1"/>
        <line num="37" count="12" type="stmt"/>
      </file>
      <file name="button.tsx" path="C:\Users\lrase\OneDrive\Рабочий стол\picture-web\components\ui\button.tsx">
        <metrics statements="3" coveredstatements="1" conditionals="3" coveredconditionals="0" methods="1" coveredmethods="0"/>
        <line num="7" count="1" type="stmt"/>
        <line num="49" count="0" type="cond" truecount="0" falsecount="2"/>
        <line num="51" count="0" type="stmt"/>
      </file>
      <file name="pagination.tsx" path="C:\Users\lrase\OneDrive\Рабочий стол\picture-web\components\ui\pagination.tsx">
        <metrics statements="7" coveredstatements="7" conditionals="5" coveredconditionals="5" methods="7" coveredmethods="7"/>
        <line num="12" count="3" type="stmt"/>
        <line num="27" count="3" type="stmt"/>
        <line num="37" count="21" type="stmt"/>
        <line num="51" count="21" type="stmt"/>
        <line num="72" count="3" type="stmt"/>
        <line num="89" count="3" type="stmt"/>
        <line num="106" count="2" type="stmt"/>
      </file>
      <file name="skeleton.tsx" path="C:\Users\lrase\OneDrive\Рабочий стол\picture-web\components\ui\skeleton.tsx">
        <metrics statements="1" coveredstatements="1" conditionals="0" coveredconditionals="0" methods="1" coveredmethods="1"/>
        <line num="4" count="40" type="stmt"/>
      </file>
    </package>
    <package name="hooks">
      <metrics statements="38" coveredstatements="32" conditionals="7" coveredconditionals="4" methods="12" coveredmethods="7"/>
      <file name="use-debounce-callback.ts" path="C:\Users\lrase\OneDrive\Рабочий стол\picture-web\hooks\use-debounce-callback.ts">
        <metrics statements="6" coveredstatements="4" conditionals="2" coveredconditionals="1" methods="3" coveredmethods="2"/>
        <line num="10" count="9" type="stmt"/>
        <line num="12" count="9" type="stmt"/>
        <line num="14" count="1" type="cond" truecount="1" falsecount="1"/>
        <line num="15" count="0" type="stmt"/>
        <line num="18" count="1" type="stmt"/>
        <line num="19" count="0" type="stmt"/>
      </file>
      <file name="use-gallery.ts" path="C:\Users\lrase\OneDrive\Рабочий стол\picture-web\hooks\use-gallery.ts">
        <metrics statements="32" coveredstatements="28" conditionals="5" coveredconditionals="3" methods="9" coveredmethods="5"/>
        <line num="10" count="1" type="cond" truecount="1" falsecount="0"/>
        <line num="11" count="9" type="stmt"/>
        <line num="12" count="9" type="stmt"/>
        <line num="13" count="9" type="stmt"/>
        <line num="14" count="9" type="stmt"/>
        <line num="15" count="9" type="stmt"/>
        <line num="16" count="9" type="stmt"/>
        <line num="17" count="9" type="stmt"/>
        <line num="19" count="9" type="stmt"/>
        <line num="20" count="5" type="stmt"/>
        <line num="21" count="5" type="stmt"/>
        <line num="22" count="5" type="stmt"/>
        <line num="23" count="5" type="stmt"/>
        <line num="24" count="4" type="stmt"/>
        <line num="25" count="4" type="stmt"/>
        <line num="27" count="4" type="cond" truecount="1" falsecount="1"/>
        <line num="28" count="4" type="stmt"/>
        <line num="31" count="1" type="cond" truecount="1" falsecount="1"/>
        <line num="33" count="5" type="stmt"/>
        <line num="37" count="9" type="stmt"/>
        <line num="38" count="5" type="stmt"/>
        <line num="41" count="9" type="stmt"/>
        <line num="43" count="9" type="stmt"/>
        <line num="44" count="1" type="stmt"/>
        <line num="47" count="9" type="stmt"/>
        <line num="48" count="0" type="stmt"/>
        <line num="51" count="9" type="stmt"/>
        <line num="52" count="0" type="stmt"/>
        <line num="55" count="9" type="stmt"/>
        <line num="56" count="0" type="stmt"/>
        <line num="59" count="9" type="stmt"/>
        <line num="71" count="0" type="stmt"/>
      </file>
    </package>
    <package name="lib">
      <metrics statements="1" coveredstatements="1" conditionals="0" coveredconditionals="0" methods="1" coveredmethods="1"/>
      <file name="utils.ts" path="C:\Users\lrase\OneDrive\Рабочий стол\picture-web\lib\utils.ts">
        <metrics statements="1" coveredstatements="1" conditionals="0" coveredconditionals="0" methods="1" coveredmethods="1"/>
        <line num="5" count="123" type="stmt"/>
      </file>
    </package>
  </project>
</coverage>
