{"C:\\Users\\lrase\\OneDrive\\Рабочий стол\\picture-web\\components\\stat-card.tsx": {"path":"C:\\Users\\lrase\\OneDrive\\Рабочий стол\\picture-web\\components\\stat-card.tsx","statementMap":{"0":{"start":{"line":1,"column":0},"end":{"line":1,"column":null}},"1":{"start":{"line":13,"column":13},"end":{"line":29,"column":null}},"2":{"start":{"line":19,"column":2},"end":{"line":29,"column":null}}},"fnMap":{"0":{"name":"(anonymous_0)","decl":{"start":{"line":13,"column":13},"end":{"line":13,"column":50}},"loc":{"start":{"line":18,"column":6},"end":{"line":29,"column":null}},"line":18}},"branchMap":{},"s":{"0":1,"1":1,"2":2},"f":{"0":2},"b":{},"meta":{"lastBranch":0,"lastFunction":1,"lastStatement":3,"seen":{"s:1:0:1:Infinity":0,"s:13:13:29:Infinity":1,"f:13:13:13:50":0,"s:19:2:29:Infinity":2}}}
,"C:\\Users\\lrase\\OneDrive\\Рабочий стол\\picture-web\\components\\gallery\\gallery-card.tsx": {"path":"C:\\Users\\lrase\\OneDrive\\Рабочий стол\\picture-web\\components\\gallery\\gallery-card.tsx","statementMap":{"0":{"start":{"line":1,"column":0},"end":{"line":1,"column":null}},"1":{"start":{"line":22,"column":13},"end":{"line":131,"column":null}},"2":{"start":{"line":23,"column":21},"end":{"line":23,"column":52}},"3":{"start":{"line":25,"column":8},"end":{"line":28,"column":null}},"4":{"start":{"line":26,"column":4},"end":{"line":28,"column":null}},"5":{"start":{"line":27,"column":6},"end":{"line":27,"column":null}},"6":{"start":{"line":28,"column":6},"end":{"line":28,"column":null}},"7":{"start":{"line":32,"column":2},"end":{"line":125,"column":null}},"8":{"start":{"line":49,"column":21},"end":{"line":49,"column":35}},"9":{"start":{"line":133,"column":0},"end":{"line":133,"column":null}}},"fnMap":{"0":{"name":"(anonymous_0)","decl":{"start":{"line":22,"column":27},"end":{"line":22,"column":33}},"loc":{"start":{"line":22,"column":99},"end":{"line":131,"column":null}},"line":22},"1":{"name":"(anonymous_1)","decl":{"start":{"line":25,"column":8},"end":{"line":25,"column":25}},"loc":{"start":{"line":25,"column":52},"end":{"line":28,"column":null}},"line":25},"2":{"name":"(anonymous_2)","decl":{"start":{"line":49,"column":6},"end":{"line":49,"column":21}},"loc":{"start":{"line":49,"column":21},"end":{"line":49,"column":35}},"line":49}},"branchMap":{"0":{"loc":{"start":{"line":22,"column":58},"end":{"line":22,"column":99}},"type":"default-arg","locations":[{"start":{"line":22,"column":69},"end":{"line":22,"column":99}}],"line":22},"1":{"loc":{"start":{"line":26,"column":4},"end":{"line":28,"column":null}},"type":"if","locations":[{"start":{"line":26,"column":4},"end":{"line":28,"column":null}},{"start":{},"end":{}}],"line":26},"2":{"loc":{"start":{"line":26,"column":8},"end":{"line":26,"column":44}},"type":"binary-expr","locations":[{"start":{"line":26,"column":8},"end":{"line":26,"column":29}},{"start":{"line":26,"column":29},"end":{"line":26,"column":44}}],"line":26},"3":{"loc":{"start":{"line":60,"column":15},"end":{"line":60,"column":null}},"type":"binary-expr","locations":[{"start":{"line":60,"column":15},"end":{"line":60,"column":29}},{"start":{"line":60,"column":29},"end":{"line":60,"column":null}}],"line":60},"4":{"loc":{"start":{"line":65,"column":19},"end":{"line":65,"column":null}},"type":"cond-expr","locations":[{"start":{"line":65,"column":30},"end":{"line":65,"column":42}},{"start":{"line":65,"column":42},"end":{"line":65,"column":null}}],"line":65},"5":{"loc":{"start":{"line":73,"column":43},"end":{"line":73,"column":124}},"type":"cond-expr","locations":[{"start":{"line":73,"column":65},"end":{"line":73,"column":105}},{"start":{"line":73,"column":105},"end":{"line":73,"column":124}}],"line":73},"6":{"loc":{"start":{"line":100,"column":15},"end":{"line":109,"column":null}},"type":"cond-expr","locations":[{"start":{"line":101,"column":16},"end":{"line":109,"column":17}},{"start":{"line":109,"column":16},"end":{"line":109,"column":null}}],"line":100}},"s":{"0":2,"1":2,"2":12,"3":12,"4":1,"5":1,"6":1,"7":12,"8":1,"9":2},"f":{"0":12,"1":1,"2":1},"b":{"0":[12],"1":[1,0],"2":[1,0],"3":[12,0],"4":[8,4],"5":[4,8],"6":[4,8]},"meta":{"lastBranch":7,"lastFunction":3,"lastStatement":10,"seen":{"s:1:0:1:Infinity":0,"s:22:13:131:Infinity":1,"f:22:27:22:33":0,"b:22:69:22:99":0,"s:23:21:23:52":2,"s:25:8:28:Infinity":3,"f:25:8:25:25":1,"b:26:4:28:Infinity:undefined:undefined:undefined:undefined":1,"s:26:4:28:Infinity":4,"b:26:8:26:29:26:29:26:44":2,"s:27:6:27:Infinity":5,"s:28:6:28:Infinity":6,"s:32:2:125:Infinity":7,"f:49:6:49:21":2,"s:49:21:49:35":8,"b:60:15:60:29:60:29:60:Infinity":3,"b:65:30:65:42:65:42:65:Infinity":4,"b:73:65:73:105:73:105:73:124":5,"b:101:16:109:17:109:16:109:Infinity":6,"s:133:0:133:Infinity":9}}}
,"C:\\Users\\lrase\\OneDrive\\Рабочий стол\\picture-web\\components\\gallery\\gallery-grid-view.tsx": {"path":"C:\\Users\\lrase\\OneDrive\\Рабочий стол\\picture-web\\components\\gallery\\gallery-grid-view.tsx","statementMap":{"0":{"start":{"line":1,"column":0},"end":{"line":1,"column":null}},"1":{"start":{"line":36,"column":13},"end":{"line":263,"column":null}},"2":{"start":{"line":47,"column":8},"end":{"line":144,"column":null}},"3":{"start":{"line":48,"column":18},"end":{"line":48,"column":20}},"4":{"start":{"line":49,"column":28},"end":{"line":49,"column":null}},"5":{"start":{"line":51,"column":4},"end":{"line":141,"column":null}},"6":{"start":{"line":52,"column":6},"end":{"line":70,"column":null}},"7":{"start":{"line":52,"column":19},"end":{"line":52,"column":22}},"8":{"start":{"line":53,"column":8},"end":{"line":70,"column":null}},"9":{"start":{"line":63,"column":16},"end":{"line":63,"column":null}},"10":{"start":{"line":64,"column":16},"end":{"line":64,"column":null}},"11":{"start":{"line":73,"column":6},"end":{"line":90,"column":null}},"12":{"start":{"line":83,"column":14},"end":{"line":83,"column":null}},"13":{"start":{"line":84,"column":14},"end":{"line":84,"column":null}},"14":{"start":{"line":92,"column":6},"end":{"line":93,"column":null}},"15":{"start":{"line":93,"column":8},"end":{"line":93,"column":null}},"16":{"start":{"line":96,"column":20},"end":{"line":96,"column":48}},"17":{"start":{"line":97,"column":18},"end":{"line":97,"column":59}},"18":{"start":{"line":99,"column":6},"end":{"line":117,"column":null}},"19":{"start":{"line":99,"column":19},"end":{"line":99,"column":26}},"20":{"start":{"line":100,"column":8},"end":{"line":117,"column":null}},"21":{"start":{"line":110,"column":16},"end":{"line":110,"column":null}},"22":{"start":{"line":111,"column":16},"end":{"line":111,"column":null}},"23":{"start":{"line":120,"column":6},"end":{"line":121,"column":null}},"24":{"start":{"line":121,"column":8},"end":{"line":121,"column":null}},"25":{"start":{"line":124,"column":6},"end":{"line":141,"column":null}},"26":{"start":{"line":134,"column":14},"end":{"line":134,"column":null}},"27":{"start":{"line":135,"column":14},"end":{"line":135,"column":null}},"28":{"start":{"line":144,"column":4},"end":{"line":144,"column":null}},"29":{"start":{"line":147,"column":2},"end":{"line":161,"column":null}},"30":{"start":{"line":148,"column":4},"end":{"line":161,"column":null}},"31":{"start":{"line":165,"column":2},"end":{"line":258,"column":null}},"32":{"start":{"line":172,"column":14},"end":{"line":191,"column":null}},"33":{"start":{"line":195,"column":14},"end":{"line":201,"column":null}},"34":{"start":{"line":230,"column":20},"end":{"line":230,"column":null}},"35":{"start":{"line":231,"column":20},"end":{"line":231,"column":null}},"36":{"start":{"line":231,"column":41},"end":{"line":231,"column":null}},"37":{"start":{"line":248,"column":20},"end":{"line":248,"column":null}},"38":{"start":{"line":249,"column":20},"end":{"line":249,"column":null}},"39":{"start":{"line":249,"column":50},"end":{"line":249,"column":null}},"40":{"start":{"line":265,"column":0},"end":{"line":265,"column":null}}},"fnMap":{"0":{"name":"(anonymous_0)","decl":{"start":{"line":36,"column":31},"end":{"line":36,"column":37}},"loc":{"start":{"line":45,"column":28},"end":{"line":263,"column":null}},"line":45},"1":{"name":"(anonymous_1)","decl":{"start":{"line":47,"column":8},"end":{"line":47,"column":38}},"loc":{"start":{"line":47,"column":38},"end":{"line":144,"column":null}},"line":47},"2":{"name":"(anonymous_2)","decl":{"start":{"line":62,"column":14},"end":{"line":62,"column":24}},"loc":{"start":{"line":62,"column":30},"end":{"line":64,"column":null}},"line":62},"3":{"name":"(anonymous_3)","decl":{"start":{"line":82,"column":12},"end":{"line":82,"column":22}},"loc":{"start":{"line":82,"column":28},"end":{"line":84,"column":null}},"line":82},"4":{"name":"(anonymous_4)","decl":{"start":{"line":109,"column":14},"end":{"line":109,"column":24}},"loc":{"start":{"line":109,"column":30},"end":{"line":111,"column":null}},"line":109},"5":{"name":"(anonymous_5)","decl":{"start":{"line":133,"column":12},"end":{"line":133,"column":22}},"loc":{"start":{"line":133,"column":28},"end":{"line":135,"column":null}},"line":133},"6":{"name":"(anonymous_6)","decl":{"start":{"line":171,"column":44},"end":{"line":171,"column":49}},"loc":{"start":{"line":172,"column":14},"end":{"line":191,"column":null}},"line":172},"7":{"name":"(anonymous_7)","decl":{"start":{"line":194,"column":19},"end":{"line":194,"column":24}},"loc":{"start":{"line":195,"column":14},"end":{"line":201,"column":null}},"line":195},"8":{"name":"(anonymous_8)","decl":{"start":{"line":229,"column":18},"end":{"line":229,"column":28}},"loc":{"start":{"line":229,"column":34},"end":{"line":231,"column":null}},"line":229},"9":{"name":"(anonymous_9)","decl":{"start":{"line":247,"column":18},"end":{"line":247,"column":28}},"loc":{"start":{"line":247,"column":34},"end":{"line":249,"column":null}},"line":247}},"branchMap":{"0":{"loc":{"start":{"line":51,"column":4},"end":{"line":141,"column":null}},"type":"if","locations":[{"start":{"line":51,"column":4},"end":{"line":141,"column":null}},{"start":{"line":72,"column":11},"end":{"line":141,"column":null}}],"line":51},"1":{"loc":{"start":{"line":60,"column":16},"end":{"line":60,"column":null}},"type":"cond-expr","locations":[{"start":{"line":60,"column":36},"end":{"line":60,"column":86}},{"start":{"line":60,"column":86},"end":{"line":60,"column":null}}],"line":60},"2":{"loc":{"start":{"line":80,"column":14},"end":{"line":80,"column":null}},"type":"cond-expr","locations":[{"start":{"line":80,"column":34},"end":{"line":80,"column":84}},{"start":{"line":80,"column":84},"end":{"line":80,"column":null}}],"line":80},"3":{"loc":{"start":{"line":92,"column":6},"end":{"line":93,"column":null}},"type":"if","locations":[{"start":{"line":92,"column":6},"end":{"line":93,"column":null}},{"start":{},"end":{}}],"line":92},"4":{"loc":{"start":{"line":107,"column":16},"end":{"line":107,"column":null}},"type":"cond-expr","locations":[{"start":{"line":107,"column":36},"end":{"line":107,"column":86}},{"start":{"line":107,"column":86},"end":{"line":107,"column":null}}],"line":107},"5":{"loc":{"start":{"line":120,"column":6},"end":{"line":121,"column":null}},"type":"if","locations":[{"start":{"line":120,"column":6},"end":{"line":121,"column":null}},{"start":{},"end":{}}],"line":120},"6":{"loc":{"start":{"line":131,"column":14},"end":{"line":131,"column":null}},"type":"cond-expr","locations":[{"start":{"line":131,"column":43},"end":{"line":131,"column":93}},{"start":{"line":131,"column":93},"end":{"line":131,"column":null}}],"line":131},"7":{"loc":{"start":{"line":147,"column":2},"end":{"line":161,"column":null}},"type":"if","locations":[{"start":{"line":147,"column":2},"end":{"line":161,"column":null}},{"start":{},"end":{}}],"line":147},"8":{"loc":{"start":{"line":170,"column":11},"end":{"line":201,"column":null}},"type":"cond-expr","locations":[{"start":{"line":171,"column":12},"end":{"line":191,"column":null}},{"start":{"line":194,"column":12},"end":{"line":201,"column":null}}],"line":170},"9":{"loc":{"start":{"line":208,"column":7},"end":{"line":258,"column":null}},"type":"binary-expr","locations":[{"start":{"line":208,"column":7},"end":{"line":208,"column":19}},{"start":{"line":208,"column":19},"end":{"line":208,"column":null}},{"start":{"line":209,"column":8},"end":{"line":258,"column":null}}],"line":208},"10":{"loc":{"start":{"line":231,"column":20},"end":{"line":231,"column":null}},"type":"if","locations":[{"start":{"line":231,"column":20},"end":{"line":231,"column":null}},{"start":{},"end":{}}],"line":231},"11":{"loc":{"start":{"line":235,"column":20},"end":{"line":235,"column":null}},"type":"cond-expr","locations":[{"start":{"line":235,"column":40},"end":{"line":235,"column":74}},{"start":{"line":235,"column":74},"end":{"line":235,"column":null}}],"line":235},"12":{"loc":{"start":{"line":249,"column":20},"end":{"line":249,"column":null}},"type":"if","locations":[{"start":{"line":249,"column":20},"end":{"line":249,"column":null}},{"start":{},"end":{}}],"line":249},"13":{"loc":{"start":{"line":253,"column":20},"end":{"line":253,"column":null}},"type":"cond-expr","locations":[{"start":{"line":253,"column":49},"end":{"line":253,"column":83}},{"start":{"line":253,"column":83},"end":{"line":253,"column":null}}],"line":253}},"s":{"0":1,"1":1,"2":6,"3":3,"4":3,"5":3,"6":2,"7":2,"8":10,"9":0,"10":0,"11":1,"12":0,"13":0,"14":1,"15":1,"16":1,"17":1,"18":1,"19":1,"20":3,"21":0,"22":0,"23":3,"24":1,"25":1,"26":0,"27":0,"28":3,"29":6,"30":1,"31":5,"32":8,"33":8,"34":1,"35":1,"36":1,"37":1,"38":1,"39":1,"40":1},"f":{"0":6,"1":3,"2":0,"3":0,"4":0,"5":0,"6":8,"7":8,"8":1,"9":1},"b":{"0":[2,1],"1":[2,8],"2":[0,1],"3":[1,0],"4":[1,2],"5":[1,2],"6":[0,1],"7":[1,5],"8":[1,4],"9":[6,4,3],"10":[1,0],"11":[1,2],"12":[1,0],"13":[0,3]},"meta":{"lastBranch":14,"lastFunction":10,"lastStatement":41,"seen":{"s:1:0:1:Infinity":0,"s:36:13:263:Infinity":1,"f:36:31:36:37":0,"s:47:8:144:Infinity":2,"f:47:8:47:38":1,"s:48:18:48:20":3,"s:49:28:49:Infinity":4,"b:51:4:141:Infinity:72:11:141:Infinity":0,"s:51:4:141:Infinity":5,"s:52:6:70:Infinity":6,"s:52:19:52:22":7,"s:53:8:70:Infinity":8,"b:60:36:60:86:60:86:60:Infinity":1,"f:62:14:62:24":2,"s:63:16:63:Infinity":9,"s:64:16:64:Infinity":10,"s:73:6:90:Infinity":11,"b:80:34:80:84:80:84:80:Infinity":2,"f:82:12:82:22":3,"s:83:14:83:Infinity":12,"s:84:14:84:Infinity":13,"b:92:6:93:Infinity:undefined:undefined:undefined:undefined":3,"s:92:6:93:Infinity":14,"s:93:8:93:Infinity":15,"s:96:20:96:48":16,"s:97:18:97:59":17,"s:99:6:117:Infinity":18,"s:99:19:99:26":19,"s:100:8:117:Infinity":20,"b:107:36:107:86:107:86:107:Infinity":4,"f:109:14:109:24":4,"s:110:16:110:Infinity":21,"s:111:16:111:Infinity":22,"b:120:6:121:Infinity:undefined:undefined:undefined:undefined":5,"s:120:6:121:Infinity":23,"s:121:8:121:Infinity":24,"s:124:6:141:Infinity":25,"b:131:43:131:93:131:93:131:Infinity":6,"f:133:12:133:22":5,"s:134:14:134:Infinity":26,"s:135:14:135:Infinity":27,"s:144:4:144:Infinity":28,"b:147:2:161:Infinity:undefined:undefined:undefined:undefined":7,"s:147:2:161:Infinity":29,"s:148:4:161:Infinity":30,"s:165:2:258:Infinity":31,"b:171:12:191:Infinity:194:12:201:Infinity":8,"f:171:44:171:49":6,"s:172:14:191:Infinity":32,"f:194:19:194:24":7,"s:195:14:201:Infinity":33,"b:208:7:208:19:208:19:208:Infinity:209:8:258:Infinity":9,"f:229:18:229:28":8,"s:230:20:230:Infinity":34,"b:231:20:231:Infinity:undefined:undefined:undefined:undefined":10,"s:231:20:231:Infinity":35,"s:231:41:231:Infinity":36,"b:235:40:235:74:235:74:235:Infinity":11,"f:247:18:247:28":9,"s:248:20:248:Infinity":37,"b:249:20:249:Infinity:undefined:undefined:undefined:undefined":12,"s:249:20:249:Infinity":38,"s:249:50:249:Infinity":39,"b:253:49:253:83:253:83:253:Infinity":13,"s:265:0:265:Infinity":40}}}
,"C:\\Users\\lrase\\OneDrive\\Рабочий стол\\picture-web\\components\\ui\\alert.tsx": {"path":"C:\\Users\\lrase\\OneDrive\\Рабочий стол\\picture-web\\components\\ui\\alert.tsx","statementMap":{"0":{"start":{"line":6,"column":6},"end":{"line":19,"column":null}},"1":{"start":{"line":27,"column":2},"end":{"line":33,"column":null}},"2":{"start":{"line":38,"column":2},"end":{"line":46,"column":null}},"3":{"start":{"line":54,"column":2},"end":{"line":62,"column":null}}},"fnMap":{"0":{"name":"Alert","decl":{"start":{"line":22,"column":9},"end":{"line":22,"column":15}},"loc":{"start":{"line":26,"column":69},"end":{"line":33,"column":null}},"line":26},"1":{"name":"AlertTitle","decl":{"start":{"line":37,"column":9},"end":{"line":37,"column":20}},"loc":{"start":{"line":37,"column":74},"end":{"line":46,"column":null}},"line":37},"2":{"name":"AlertDescription","decl":{"start":{"line":50,"column":9},"end":{"line":50,"column":26}},"loc":{"start":{"line":53,"column":32},"end":{"line":62,"column":null}},"line":53}},"branchMap":{},"s":{"0":1,"1":1,"2":1,"3":1},"f":{"0":1,"1":1,"2":1},"b":{},"meta":{"lastBranch":0,"lastFunction":3,"lastStatement":4,"seen":{"s:6:6:19:Infinity":0,"f:22:9:22:15":0,"s:27:2:33:Infinity":1,"f:37:9:37:20":1,"s:38:2:46:Infinity":2,"f:50:9:50:26":2,"s:54:2:62:Infinity":3}}}
,"C:\\Users\\lrase\\OneDrive\\Рабочий стол\\picture-web\\components\\ui\\badge.tsx": {"path":"C:\\Users\\lrase\\OneDrive\\Рабочий стол\\picture-web\\components\\ui\\badge.tsx","statementMap":{"0":{"start":{"line":7,"column":6},"end":{"line":25,"column":null}},"1":{"start":{"line":35,"column":15},"end":{"line":35,"column":null}},"2":{"start":{"line":37,"column":2},"end":{"line":42,"column":null}}},"fnMap":{"0":{"name":"Badge","decl":{"start":{"line":28,"column":9},"end":{"line":28,"column":15}},"loc":{"start":{"line":34,"column":62},"end":{"line":42,"column":null}},"line":34}},"branchMap":{"0":{"loc":{"start":{"line":31,"column":2},"end":{"line":31,"column":null}},"type":"default-arg","locations":[{"start":{"line":31,"column":12},"end":{"line":31,"column":null}}],"line":31},"1":{"loc":{"start":{"line":35,"column":15},"end":{"line":35,"column":null}},"type":"cond-expr","locations":[{"start":{"line":35,"column":25},"end":{"line":35,"column":32}},{"start":{"line":35,"column":32},"end":{"line":35,"column":null}}],"line":35}},"s":{"0":2,"1":12,"2":12},"f":{"0":12},"b":{"0":[12],"1":[0,12]},"meta":{"lastBranch":2,"lastFunction":1,"lastStatement":3,"seen":{"s:7:6:25:Infinity":0,"f:28:9:28:15":0,"b:31:12:31:Infinity":0,"s:35:15:35:Infinity":1,"b:35:25:35:32:35:32:35:Infinity":1,"s:37:2:42:Infinity":2}}}
,"C:\\Users\\lrase\\OneDrive\\Рабочий стол\\picture-web\\components\\ui\\button.tsx": {"path":"C:\\Users\\lrase\\OneDrive\\Рабочий стол\\picture-web\\components\\ui\\button.tsx","statementMap":{"0":{"start":{"line":7,"column":6},"end":{"line":36,"column":null}},"1":{"start":{"line":49,"column":15},"end":{"line":49,"column":null}},"2":{"start":{"line":51,"column":2},"end":{"line":56,"column":null}}},"fnMap":{"0":{"name":"Button","decl":{"start":{"line":39,"column":9},"end":{"line":39,"column":16}},"loc":{"start":{"line":48,"column":5},"end":{"line":56,"column":null}},"line":48}},"branchMap":{"0":{"loc":{"start":{"line":43,"column":2},"end":{"line":43,"column":null}},"type":"default-arg","locations":[{"start":{"line":43,"column":12},"end":{"line":43,"column":null}}],"line":43},"1":{"loc":{"start":{"line":49,"column":15},"end":{"line":49,"column":null}},"type":"cond-expr","locations":[{"start":{"line":49,"column":25},"end":{"line":49,"column":32}},{"start":{"line":49,"column":32},"end":{"line":49,"column":null}}],"line":49}},"s":{"0":1,"1":0,"2":0},"f":{"0":0},"b":{"0":[0],"1":[0,0]},"meta":{"lastBranch":2,"lastFunction":1,"lastStatement":3,"seen":{"s:7:6:36:Infinity":0,"f:39:9:39:16":0,"b:43:12:43:Infinity":0,"s:49:15:49:Infinity":1,"b:49:25:49:32:49:32:49:Infinity":1,"s:51:2:56:Infinity":2}}}
,"C:\\Users\\lrase\\OneDrive\\Рабочий стол\\picture-web\\components\\ui\\pagination.tsx": {"path":"C:\\Users\\lrase\\OneDrive\\Рабочий стол\\picture-web\\components\\ui\\pagination.tsx","statementMap":{"0":{"start":{"line":12,"column":2},"end":{"line":19,"column":null}},"1":{"start":{"line":27,"column":2},"end":{"line":32,"column":null}},"2":{"start":{"line":37,"column":2},"end":{"line":37,"column":null}},"3":{"start":{"line":51,"column":2},"end":{"line":64,"column":null}},"4":{"start":{"line":72,"column":2},"end":{"line":80,"column":null}},"5":{"start":{"line":89,"column":2},"end":{"line":97,"column":null}},"6":{"start":{"line":106,"column":2},"end":{"line":114,"column":null}}},"fnMap":{"0":{"name":"Pagination","decl":{"start":{"line":11,"column":9},"end":{"line":11,"column":20}},"loc":{"start":{"line":11,"column":74},"end":{"line":19,"column":null}},"line":11},"1":{"name":"PaginationContent","decl":{"start":{"line":23,"column":9},"end":{"line":23,"column":27}},"loc":{"start":{"line":26,"column":31},"end":{"line":32,"column":null}},"line":26},"2":{"name":"PaginationItem","decl":{"start":{"line":36,"column":9},"end":{"line":36,"column":24}},"loc":{"start":{"line":36,"column":66},"end":{"line":37,"column":null}},"line":36},"3":{"name":"PaginationLink","decl":{"start":{"line":45,"column":9},"end":{"line":45,"column":24}},"loc":{"start":{"line":50,"column":24},"end":{"line":64,"column":null}},"line":50},"4":{"name":"PaginationPrevious","decl":{"start":{"line":68,"column":9},"end":{"line":68,"column":28}},"loc":{"start":{"line":71,"column":48},"end":{"line":80,"column":null}},"line":71},"5":{"name":"PaginationNext","decl":{"start":{"line":85,"column":9},"end":{"line":85,"column":24}},"loc":{"start":{"line":88,"column":48},"end":{"line":97,"column":null}},"line":88},"6":{"name":"PaginationEllipsis","decl":{"start":{"line":102,"column":9},"end":{"line":102,"column":28}},"loc":{"start":{"line":105,"column":33},"end":{"line":114,"column":null}},"line":105}},"branchMap":{"0":{"loc":{"start":{"line":48,"column":2},"end":{"line":48,"column":null}},"type":"default-arg","locations":[{"start":{"line":48,"column":9},"end":{"line":48,"column":null}}],"line":48},"1":{"loc":{"start":{"line":53,"column":20},"end":{"line":53,"column":null}},"type":"cond-expr","locations":[{"start":{"line":53,"column":31},"end":{"line":53,"column":40}},{"start":{"line":53,"column":40},"end":{"line":53,"column":null}}],"line":53},"2":{"loc":{"start":{"line":58,"column":19},"end":{"line":58,"column":null}},"type":"cond-expr","locations":[{"start":{"line":58,"column":30},"end":{"line":58,"column":42}},{"start":{"line":58,"column":42},"end":{"line":58,"column":null}}],"line":58}},"s":{"0":3,"1":3,"2":21,"3":21,"4":3,"5":3,"6":2},"f":{"0":3,"1":3,"2":21,"3":21,"4":3,"5":3,"6":2},"b":{"0":[21],"1":[3,18],"2":[3,18]},"meta":{"lastBranch":3,"lastFunction":7,"lastStatement":7,"seen":{"f:11:9:11:20":0,"s:12:2:19:Infinity":0,"f:23:9:23:27":1,"s:27:2:32:Infinity":1,"f:36:9:36:24":2,"s:37:2:37:Infinity":2,"f:45:9:45:24":3,"b:48:9:48:Infinity":0,"s:51:2:64:Infinity":3,"b:53:31:53:40:53:40:53:Infinity":1,"b:58:30:58:42:58:42:58:Infinity":2,"f:68:9:68:28":4,"s:72:2:80:Infinity":4,"f:85:9:85:24":5,"s:89:2:97:Infinity":5,"f:102:9:102:28":6,"s:106:2:114:Infinity":6}}}
,"C:\\Users\\lrase\\OneDrive\\Рабочий стол\\picture-web\\components\\ui\\skeleton.tsx": {"path":"C:\\Users\\lrase\\OneDrive\\Рабочий стол\\picture-web\\components\\ui\\skeleton.tsx","statementMap":{"0":{"start":{"line":4,"column":2},"end":{"line":9,"column":null}}},"fnMap":{"0":{"name":"Skeleton","decl":{"start":{"line":3,"column":9},"end":{"line":3,"column":18}},"loc":{"start":{"line":3,"column":72},"end":{"line":9,"column":null}},"line":3}},"branchMap":{},"s":{"0":40},"f":{"0":40},"b":{},"meta":{"lastBranch":0,"lastFunction":1,"lastStatement":1,"seen":{"f:3:9:3:18":0,"s:4:2:9:Infinity":0}}}
,"C:\\Users\\lrase\\OneDrive\\Рабочий стол\\picture-web\\hooks\\use-debounce-callback.ts": {"path":"C:\\Users\\lrase\\OneDrive\\Рабочий стол\\picture-web\\hooks\\use-debounce-callback.ts","statementMap":{"0":{"start":{"line":10,"column":8},"end":{"line":10,"column":56}},"1":{"start":{"line":12,"column":2},"end":{"line":23,"column":null}},"2":{"start":{"line":14,"column":6},"end":{"line":15,"column":null}},"3":{"start":{"line":15,"column":8},"end":{"line":15,"column":null}},"4":{"start":{"line":18,"column":6},"end":{"line":20,"column":null}},"5":{"start":{"line":19,"column":8},"end":{"line":19,"column":null}}},"fnMap":{"0":{"name":"useDebounceCallback","decl":{"start":{"line":6,"column":16},"end":{"line":6,"column":null}},"loc":{"start":{"line":9,"column":36},"end":{"line":23,"column":null}},"line":9},"1":{"name":"(anonymous_1)","decl":{"start":{"line":12,"column":9},"end":{"line":12,"column":null}},"loc":{"start":{"line":13,"column":32},"end":{"line":22,"column":5}},"line":13},"2":{"name":"(anonymous_2)","decl":{"start":{"line":18,"column":27},"end":{"line":18,"column":44}},"loc":{"start":{"line":18,"column":44},"end":{"line":20,"column":15}},"line":18}},"branchMap":{"0":{"loc":{"start":{"line":14,"column":6},"end":{"line":15,"column":null}},"type":"if","locations":[{"start":{"line":14,"column":6},"end":{"line":15,"column":null}},{"start":{},"end":{}}],"line":14}},"s":{"0":9,"1":9,"2":1,"3":0,"4":1,"5":0},"f":{"0":9,"1":1,"2":0},"b":{"0":[0,1]},"meta":{"lastBranch":1,"lastFunction":3,"lastStatement":6,"seen":{"f:6:16:6:Infinity":0,"s:10:8:10:56":0,"s:12:2:23:Infinity":1,"f:12:9:12:Infinity":1,"b:14:6:15:Infinity:undefined:undefined:undefined:undefined":0,"s:14:6:15:Infinity":2,"s:15:8:15:Infinity":3,"s:18:6:20:Infinity":4,"f:18:27:18:44":2,"s:19:8:19:Infinity":5}}}
,"C:\\Users\\lrase\\OneDrive\\Рабочий стол\\picture-web\\hooks\\use-gallery.ts": {"path":"C:\\Users\\lrase\\OneDrive\\Рабочий стол\\picture-web\\hooks\\use-gallery.ts","statementMap":{"0":{"start":{"line":10,"column":13},"end":{"line":72,"column":null}},"1":{"start":{"line":11,"column":17},"end":{"line":11,"column":58}},"2":{"start":{"line":12,"column":18},"end":{"line":12,"column":46}},"3":{"start":{"line":13,"column":16},"end":{"line":13,"column":57}},"4":{"start":{"line":14,"column":22},"end":{"line":14,"column":61}},"5":{"start":{"line":15,"column":20},"end":{"line":15,"column":47}},"6":{"start":{"line":16,"column":24},"end":{"line":16,"column":79}},"7":{"start":{"line":17,"column":23},"end":{"line":17,"column":57}},"8":{"start":{"line":19,"column":8},"end":{"line":35,"column":15}},"9":{"start":{"line":20,"column":4},"end":{"line":33,"column":null}},"10":{"start":{"line":21,"column":6},"end":{"line":21,"column":null}},"11":{"start":{"line":22,"column":6},"end":{"line":22,"column":null}},"12":{"start":{"line":23,"column":41},"end":{"line":23,"column":71}},"13":{"start":{"line":24,"column":6},"end":{"line":24,"column":null}},"14":{"start":{"line":25,"column":6},"end":{"line":25,"column":null}},"15":{"start":{"line":27,"column":6},"end":{"line":28,"column":null}},"16":{"start":{"line":28,"column":8},"end":{"line":28,"column":null}},"17":{"start":{"line":31,"column":6},"end":{"line":31,"column":null}},"18":{"start":{"line":33,"column":6},"end":{"line":33,"column":null}},"19":{"start":{"line":37,"column":2},"end":{"line":39,"column":null}},"20":{"start":{"line":38,"column":4},"end":{"line":38,"column":null}},"21":{"start":{"line":41,"column":8},"end":{"line":41,"column":88}},"22":{"start":{"line":41,"column":35},"end":{"line":41,"column":65}},"23":{"start":{"line":43,"column":8},"end":{"line":45,"column":8}},"24":{"start":{"line":44,"column":4},"end":{"line":44,"column":null}},"25":{"start":{"line":47,"column":8},"end":{"line":49,"column":9}},"26":{"start":{"line":48,"column":4},"end":{"line":48,"column":null}},"27":{"start":{"line":51,"column":8},"end":{"line":53,"column":8}},"28":{"start":{"line":52,"column":4},"end":{"line":52,"column":null}},"29":{"start":{"line":55,"column":8},"end":{"line":57,"column":8}},"30":{"start":{"line":56,"column":4},"end":{"line":56,"column":null}},"31":{"start":{"line":59,"column":2},"end":{"line":72,"column":null}},"32":{"start":{"line":71,"column":19},"end":{"line":71,"column":null}}},"fnMap":{"0":{"name":"(anonymous_0)","decl":{"start":{"line":10,"column":13},"end":{"line":10,"column":27}},"loc":{"start":{"line":10,"column":77},"end":{"line":72,"column":null}},"line":10},"1":{"name":"(anonymous_1)","decl":{"start":{"line":19,"column":34},"end":{"line":19,"column":41}},"loc":{"start":{"line":19,"column":58},"end":{"line":35,"column":6}},"line":19},"2":{"name":"(anonymous_2)","decl":{"start":{"line":37,"column":2},"end":{"line":37,"column":18}},"loc":{"start":{"line":37,"column":18},"end":{"line":39,"column":6}},"line":37},"3":{"name":"(anonymous_3)","decl":{"start":{"line":41,"column":21},"end":{"line":41,"column":35}},"loc":{"start":{"line":41,"column":35},"end":{"line":41,"column":65}},"line":41},"4":{"name":"(anonymous_4)","decl":{"start":{"line":43,"column":27},"end":{"line":43,"column":40}},"loc":{"start":{"line":43,"column":57},"end":{"line":45,"column":7}},"line":43},"5":{"name":"(anonymous_5)","decl":{"start":{"line":47,"column":27},"end":{"line":47,"column":48}},"loc":{"start":{"line":47,"column":72},"end":{"line":49,"column":9}},"line":47},"6":{"name":"(anonymous_6)","decl":{"start":{"line":51,"column":27},"end":{"line":51,"column":45}},"loc":{"start":{"line":51,"column":45},"end":{"line":53,"column":7}},"line":51},"7":{"name":"(anonymous_7)","decl":{"start":{"line":55,"column":27},"end":{"line":55,"column":40}},"loc":{"start":{"line":55,"column":59},"end":{"line":57,"column":7}},"line":55},"8":{"name":"(anonymous_8)","decl":{"start":{"line":71,"column":4},"end":{"line":71,"column":19}},"loc":{"start":{"line":71,"column":19},"end":{"line":71,"column":null}},"line":71}},"branchMap":{"0":{"loc":{"start":{"line":10,"column":38},"end":{"line":10,"column":77}},"type":"default-arg","locations":[{"start":{"line":10,"column":52},"end":{"line":10,"column":77}}],"line":10},"1":{"loc":{"start":{"line":27,"column":6},"end":{"line":28,"column":null}},"type":"if","locations":[{"start":{"line":27,"column":6},"end":{"line":28,"column":null}},{"start":{},"end":{}}],"line":27},"2":{"loc":{"start":{"line":31,"column":15},"end":{"line":31,"column":72}},"type":"binary-expr","locations":[{"start":{"line":31,"column":15},"end":{"line":31,"column":30}},{"start":{"line":31,"column":30},"end":{"line":31,"column":72}}],"line":31}},"s":{"0":1,"1":9,"2":9,"3":9,"4":9,"5":9,"6":9,"7":9,"8":9,"9":5,"10":5,"11":5,"12":5,"13":4,"14":4,"15":4,"16":4,"17":1,"18":5,"19":9,"20":5,"21":9,"22":6,"23":9,"24":1,"25":9,"26":0,"27":9,"28":0,"29":9,"30":0,"31":9,"32":0},"f":{"0":9,"1":5,"2":5,"3":6,"4":1,"5":0,"6":0,"7":0,"8":0},"b":{"0":[9],"1":[4,0],"2":[1,0]},"meta":{"lastBranch":3,"lastFunction":9,"lastStatement":33,"seen":{"s:10:13:72:Infinity":0,"f:10:13:10:27":0,"b:10:52:10:77":0,"s:11:17:11:58":1,"s:12:18:12:46":2,"s:13:16:13:57":3,"s:14:22:14:61":4,"s:15:20:15:47":5,"s:16:24:16:79":6,"s:17:23:17:57":7,"s:19:8:35:15":8,"f:19:34:19:41":1,"s:20:4:33:Infinity":9,"s:21:6:21:Infinity":10,"s:22:6:22:Infinity":11,"s:23:41:23:71":12,"s:24:6:24:Infinity":13,"s:25:6:25:Infinity":14,"b:27:6:28:Infinity:undefined:undefined:undefined:undefined":1,"s:27:6:28:Infinity":15,"s:28:8:28:Infinity":16,"s:31:6:31:Infinity":17,"b:31:15:31:30:31:30:31:72":2,"s:33:6:33:Infinity":18,"s:37:2:39:Infinity":19,"f:37:2:37:18":2,"s:38:4:38:Infinity":20,"s:41:8:41:88":21,"f:41:21:41:35":3,"s:41:35:41:65":22,"s:43:8:45:8":23,"f:43:27:43:40":4,"s:44:4:44:Infinity":24,"s:47:8:49:9":25,"f:47:27:47:48":5,"s:48:4:48:Infinity":26,"s:51:8:53:8":27,"f:51:27:51:45":6,"s:52:4:52:Infinity":28,"s:55:8:57:8":29,"f:55:27:55:40":7,"s:56:4:56:Infinity":30,"s:59:2:72:Infinity":31,"f:71:4:71:19":8,"s:71:19:71:Infinity":32}}}
,"C:\\Users\\lrase\\OneDrive\\Рабочий стол\\picture-web\\lib\\utils.ts": {"path":"C:\\Users\\lrase\\OneDrive\\Рабочий стол\\picture-web\\lib\\utils.ts","statementMap":{"0":{"start":{"line":5,"column":2},"end":{"line":5,"column":null}}},"fnMap":{"0":{"name":"cn","decl":{"start":{"line":4,"column":16},"end":{"line":4,"column":19}},"loc":{"start":{"line":4,"column":44},"end":{"line":5,"column":null}},"line":4}},"branchMap":{},"s":{"0":123},"f":{"0":123},"b":{},"meta":{"lastBranch":0,"lastFunction":1,"lastStatement":1,"seen":{"f:4:16:4:19":0,"s:5:2:5:Infinity":0}}}
}
